<?xml version="1.0" encoding="UTF-8"?>
<testng-results skipped="0" failed="0" total="1" passed="1">
  <reporter-output>
  </reporter-output>
  <suite name="Default suite" duration-ms="39096" started-at="2016-10-11T07:07:18Z" finished-at="2016-10-11T07:07:57Z">
    <groups>
    </groups>
    <test name="Default test" duration-ms="39096" started-at="2016-10-11T07:07:18Z" finished-at="2016-10-11T07:07:57Z">
      <class name="TestCreateAccountStaging">
        <test-method status="PASS" signature="testCreate()[pri:0, instance:TestCreateAccountStaging@7791a895]" name="testCreate" duration-ms="39079" started-at="2016-10-11T10:07:18Z" finished-at="2016-10-11T10:07:57Z">
          <reporter-output>
          </reporter-output>
        </test-method> <!-- testCreate -->
      </class> <!-- TestCreateAccountStaging -->
    </test> <!-- Default test -->
  </suite> <!-- Default suite -->
</testng-results>
